[2021-03-01 03:27:06Z INFO HostContext] No proxy settings were found based on environmental variables (http_proxy/https_proxy/HTTP_PROXY/HTTPS_PROXY)
[2021-03-01 03:27:06Z INFO HostContext] Well known directory 'Bin': '/home/mjnk9xw/go/src/TrustKeys/VTP/Test/testlog/actions-runner/bin'
[2021-03-01 03:27:06Z INFO HostContext] Well known directory 'Root': '/home/mjnk9xw/go/src/TrustKeys/VTP/Test/testlog/actions-runner'
[2021-03-01 03:27:06Z INFO HostContext] Well known config file 'Credentials': '/home/mjnk9xw/go/src/TrustKeys/VTP/Test/testlog/actions-runner/.credentials'
[2021-03-01 03:27:06Z INFO Listener] Runner is built for Linux (X64) - linux-x64.
[2021-03-01 03:27:06Z INFO Listener] RuntimeInformation: Linux 5.8.0-41-generic #46~20.04.1-Ubuntu SMP Mon Jan 18 17:52:23 UTC 2021.
[2021-03-01 03:27:06Z INFO Listener] Version: 2.277.1
[2021-03-01 03:27:06Z INFO Listener] Commit: 183a3dd9a0d4d51feddc5fe9fa6c3b5f8b08343d
[2021-03-01 03:27:06Z INFO Listener] Culture: en-US
[2021-03-01 03:27:06Z INFO Listener] UI Culture: en-US
[2021-03-01 03:27:06Z INFO HostContext] Well known directory 'Bin': '/home/mjnk9xw/go/src/TrustKeys/VTP/Test/testlog/actions-runner/bin'
[2021-03-01 03:27:06Z INFO HostContext] Well known directory 'Root': '/home/mjnk9xw/go/src/TrustKeys/VTP/Test/testlog/actions-runner'
[2021-03-01 03:27:06Z INFO Listener] Validating directory permissions for: '/home/mjnk9xw/go/src/TrustKeys/VTP/Test/testlog/actions-runner'
[2021-03-01 03:27:06Z INFO CommandLineParser] Parse
[2021-03-01 03:27:06Z INFO CommandLineParser] Parsing 1 args
[2021-03-01 03:27:06Z INFO CommandLineParser] parsing argument
[2021-03-01 03:27:06Z INFO CommandLineParser] HasArgs: False
[2021-03-01 03:27:06Z INFO CommandLineParser] Adding Command: run
[2021-03-01 03:27:06Z INFO Listener] Arguments parsed
[2021-03-01 03:27:06Z INFO Runner] ExecuteCommand
[2021-03-01 03:27:06Z INFO ConfigurationStore] currentAssemblyLocation: /home/mjnk9xw/go/src/TrustKeys/VTP/Test/testlog/actions-runner/bin/Runner.Listener.dll
[2021-03-01 03:27:06Z INFO HostContext] Well known directory 'Bin': '/home/mjnk9xw/go/src/TrustKeys/VTP/Test/testlog/actions-runner/bin'
[2021-03-01 03:27:06Z INFO ConfigurationStore] binPath: /home/mjnk9xw/go/src/TrustKeys/VTP/Test/testlog/actions-runner/bin
[2021-03-01 03:27:06Z INFO HostContext] Well known directory 'Bin': '/home/mjnk9xw/go/src/TrustKeys/VTP/Test/testlog/actions-runner/bin'
[2021-03-01 03:27:06Z INFO HostContext] Well known directory 'Root': '/home/mjnk9xw/go/src/TrustKeys/VTP/Test/testlog/actions-runner'
[2021-03-01 03:27:06Z INFO ConfigurationStore] RootFolder: /home/mjnk9xw/go/src/TrustKeys/VTP/Test/testlog/actions-runner
[2021-03-01 03:27:06Z INFO HostContext] Well known directory 'Bin': '/home/mjnk9xw/go/src/TrustKeys/VTP/Test/testlog/actions-runner/bin'
[2021-03-01 03:27:06Z INFO HostContext] Well known directory 'Root': '/home/mjnk9xw/go/src/TrustKeys/VTP/Test/testlog/actions-runner'
[2021-03-01 03:27:06Z INFO HostContext] Well known config file 'Runner': '/home/mjnk9xw/go/src/TrustKeys/VTP/Test/testlog/actions-runner/.runner'
[2021-03-01 03:27:06Z INFO ConfigurationStore] ConfigFilePath: /home/mjnk9xw/go/src/TrustKeys/VTP/Test/testlog/actions-runner/.runner
[2021-03-01 03:27:06Z INFO HostContext] Well known directory 'Bin': '/home/mjnk9xw/go/src/TrustKeys/VTP/Test/testlog/actions-runner/bin'
[2021-03-01 03:27:06Z INFO HostContext] Well known directory 'Root': '/home/mjnk9xw/go/src/TrustKeys/VTP/Test/testlog/actions-runner'
[2021-03-01 03:27:06Z INFO HostContext] Well known config file 'Credentials': '/home/mjnk9xw/go/src/TrustKeys/VTP/Test/testlog/actions-runner/.credentials'
[2021-03-01 03:27:06Z INFO ConfigurationStore] CredFilePath: /home/mjnk9xw/go/src/TrustKeys/VTP/Test/testlog/actions-runner/.credentials
[2021-03-01 03:27:06Z INFO HostContext] Well known directory 'Bin': '/home/mjnk9xw/go/src/TrustKeys/VTP/Test/testlog/actions-runner/bin'
[2021-03-01 03:27:06Z INFO HostContext] Well known directory 'Root': '/home/mjnk9xw/go/src/TrustKeys/VTP/Test/testlog/actions-runner'
[2021-03-01 03:27:06Z INFO HostContext] Well known config file 'MigratedCredentials': '/home/mjnk9xw/go/src/TrustKeys/VTP/Test/testlog/actions-runner/.credentials_migrated'
[2021-03-01 03:27:06Z INFO ConfigurationStore] MigratedCredFilePath: /home/mjnk9xw/go/src/TrustKeys/VTP/Test/testlog/actions-runner/.credentials_migrated
[2021-03-01 03:27:06Z INFO HostContext] Well known directory 'Bin': '/home/mjnk9xw/go/src/TrustKeys/VTP/Test/testlog/actions-runner/bin'
[2021-03-01 03:27:06Z INFO HostContext] Well known directory 'Root': '/home/mjnk9xw/go/src/TrustKeys/VTP/Test/testlog/actions-runner'
[2021-03-01 03:27:06Z INFO HostContext] Well known config file 'Service': '/home/mjnk9xw/go/src/TrustKeys/VTP/Test/testlog/actions-runner/.service'
[2021-03-01 03:27:06Z INFO ConfigurationStore] ServiceConfigFilePath: /home/mjnk9xw/go/src/TrustKeys/VTP/Test/testlog/actions-runner/.service
[2021-03-01 03:27:06Z INFO CommandSettings] Flag 'help': 'False'
[2021-03-01 03:27:06Z INFO CommandSettings] Flag 'version': 'False'
[2021-03-01 03:27:06Z INFO CommandSettings] Flag 'commit': 'False'
[2021-03-01 03:27:06Z INFO CommandSettings] Flag 'check': 'False'
[2021-03-01 03:27:06Z INFO CommandSettings] Command 'configure': 'False'
[2021-03-01 03:27:06Z INFO CommandSettings] Command 'remove': 'False'
[2021-03-01 03:27:06Z INFO CommandSettings] Command 'warmup': 'False'
[2021-03-01 03:27:06Z INFO ConfigurationManager] LoadSettings
[2021-03-01 03:27:06Z INFO ConfigurationStore] IsConfigured()
[2021-03-01 03:27:06Z INFO ConfigurationStore] IsConfigured: True
[2021-03-01 03:27:06Z INFO ConfigurationManager] Is configured: True
[2021-03-01 03:27:06Z INFO ConfigurationStore] Read setting file: 291 chars
[2021-03-01 03:27:06Z INFO ConfigurationManager] Settings Loaded
[2021-03-01 03:27:06Z INFO ConfigurationStore] IsServiceConfigured()
[2021-03-01 03:27:06Z INFO ConfigurationStore] IsServiceConfigured: False
[2021-03-01 03:27:06Z INFO CommandSettings] Command 'run': 'True'
[2021-03-01 03:27:06Z INFO ConfigurationStore] IsConfigured()
[2021-03-01 03:27:06Z INFO ConfigurationStore] IsConfigured: True
[2021-03-01 03:27:06Z INFO ConfigurationManager] Is configured: True
[2021-03-01 03:27:06Z INFO Runner] Could not parse the argument value '' for StartupType. Defaulting to Manual
[2021-03-01 03:27:06Z INFO Runner] Set runner startup type - Manual
[2021-03-01 03:27:06Z INFO CommandSettings] Flag 'once': 'False'
[2021-03-01 03:27:06Z INFO Runner] RunAsync
[2021-03-01 03:27:06Z INFO ConfigurationManager] LoadSettings
[2021-03-01 03:27:06Z INFO ConfigurationStore] IsConfigured()
[2021-03-01 03:27:06Z INFO ConfigurationStore] IsConfigured: True
[2021-03-01 03:27:06Z INFO ConfigurationManager] Is configured: True
[2021-03-01 03:27:06Z INFO ConfigurationManager] Settings Loaded
[2021-03-01 03:27:06Z INFO MessageListener] {
  "AgentId": 2,
  "AgentName": "vtp-pcntt-minhnv",
  "PoolId": 1,
  "PoolName": "Default",
  "ServerUrl": "https://pipelines.actions.githubusercontent.com/wDsUC2X5X6ygmBHMkAKs1BhOC0GGPzX32vuIcoZY6reF86ijOc",
  "GitHubUrl": "https://github.com/mjnk9xw/DemoCICDGo",
  "WorkFolder": "_work"
}
[2021-03-01 03:27:06Z INFO MessageListener] Loading Credentials
[2021-03-01 03:27:06Z INFO ConfigurationStore] HasCredentials()
[2021-03-01 03:27:06Z INFO ConfigurationStore] stored True
[2021-03-01 03:27:06Z INFO CredentialManager] GetCredentialProvider
[2021-03-01 03:27:06Z INFO CredentialManager] Creating type OAuth
[2021-03-01 03:27:06Z INFO CredentialManager] Creating credential type: OAuth
[2021-03-01 03:27:06Z INFO HostContext] Well known directory 'Bin': '/home/mjnk9xw/go/src/TrustKeys/VTP/Test/testlog/actions-runner/bin'
[2021-03-01 03:27:06Z INFO HostContext] Well known directory 'Root': '/home/mjnk9xw/go/src/TrustKeys/VTP/Test/testlog/actions-runner'
[2021-03-01 03:27:06Z INFO HostContext] Well known config file 'RSACredentials': '/home/mjnk9xw/go/src/TrustKeys/VTP/Test/testlog/actions-runner/.credentials_rsaparams'
[2021-03-01 03:27:06Z INFO RSAFileKeyManager] Loading RSA key parameters from file /home/mjnk9xw/go/src/TrustKeys/VTP/Test/testlog/actions-runner/.credentials_rsaparams
[2021-03-01 03:27:06Z INFO MessageListener] Attempt to create session.
[2021-03-01 03:27:06Z INFO MessageListener] Connecting to the Runner Server...
[2021-03-01 03:27:06Z INFO RunnerServer] Establish connection with 100 seconds timeout.
[2021-03-01 03:27:06Z INFO GitHubActionsService] Starting operation Location.GetConnectionData
[2021-03-01 03:27:06Z INFO RunnerServer] Establish connection with 60 seconds timeout.
[2021-03-01 03:27:06Z INFO GitHubActionsService] Starting operation Location.GetConnectionData
[2021-03-01 03:27:06Z INFO RunnerServer] Establish connection with 60 seconds timeout.
[2021-03-01 03:27:06Z INFO GitHubActionsService] Starting operation Location.GetConnectionData
[2021-03-01 03:27:07Z INFO GitHubActionsService] Finished operation Location.GetConnectionData
[2021-03-01 03:27:07Z INFO GitHubActionsService] Finished operation Location.GetConnectionData
[2021-03-01 03:27:08Z INFO GitHubActionsService] Finished operation Location.GetConnectionData
[2021-03-01 03:27:08Z INFO MessageListener] VssConnection created
[2021-03-01 03:27:08Z INFO Terminal] WRITE LINE: 
[2021-03-01 03:27:08Z INFO Terminal] WRITE LINE: 
[2021-03-01 03:27:08Z WARN GitHubActionsService] Authentication failed with status code 401.
WWW-Authenticate: Bearer
Strict-Transport-Security: max-age=2592000
X-TFS-ProcessId: 32ac90f8-32e7-4458-a444-500988444dc9
ActivityId: 01d27c4b-9157-4099-bbd6-5758e94d5c45
X-TFS-Session: c765fe63-832d-4278-8a68-2a424041d8b1
X-VSS-E2EID: 63944a26-cdb8-4cfc-8616-1da5a67d30ab
X-VSS-SenderDeploymentId: 2c974d96-2c30-cef5-eff2-3e0511a903a5
X-TFS-ServiceError: The+user+%27System%3aPublicAccess%3baaaaaaaa-aaaa-aaaa-aaaa-aaaaaaaaaaaa%27+is+not+authorized+to+access+this+resource.
X-VSS-S2STargetService: 0000005A-0000-8888-8000-000000000000/visualstudio.com
X-MSEdge-Ref: Ref A: 1C09D0E2B4C14407A703F39944D6CC4E Ref B: HKBEDGE0208 Ref C: 2021-03-01T03:27:08Z
Date: Mon, 01 Mar 2021 03:27:07 GMT

[2021-03-01 03:27:08Z INFO RSAFileKeyManager] Loading RSA key parameters from file /home/mjnk9xw/go/src/TrustKeys/VTP/Test/testlog/actions-runner/.credentials_rsaparams
[2021-03-01 03:27:08Z INFO RSAFileKeyManager] Loading RSA key parameters from file /home/mjnk9xw/go/src/TrustKeys/VTP/Test/testlog/actions-runner/.credentials_rsaparams
[2021-03-01 03:27:09Z INFO GitHubActionsService] AAD Correlation ID for this token request: Unknown
[2021-03-01 03:27:09Z INFO MessageListener] Session created.
[2021-03-01 03:27:09Z INFO Terminal] WRITE LINE: 2021-03-01 03:27:09Z: Listening for Jobs
[2021-03-01 03:27:09Z INFO JobDispatcher] Set runner/worker IPC timeout to 30 seconds.
[2021-03-01 03:37:15Z INFO RSAFileKeyManager] Loading RSA key parameters from file /home/mjnk9xw/go/src/TrustKeys/VTP/Test/testlog/actions-runner/.credentials_rsaparams
[2021-03-01 03:37:15Z INFO MessageListener] Message '1' received from session '4192c1c9-8e0a-4e77-a81d-693544cd06f9'.
[2021-03-01 03:37:15Z INFO JobDispatcher] Job request 1 for plan 341c6a16-f134-40ea-aad0-1d604db7ea30 job 5264e576-3c6f-51f6-f055-fab409685f20 received.
[2021-03-01 03:37:15Z INFO JobDispatcher] Pull OrchestrationId 341c6a16-f134-40ea-aad0-1d604db7ea30.test.__default from JWT claims
[2021-03-01 03:37:15Z INFO Terminal] WRITE LINE: 2021-03-01 03:37:15Z: Running job: test
[2021-03-01 03:37:15Z INFO JobDispatcher] Start renew job request 1 for job 5264e576-3c6f-51f6-f055-fab409685f20.
[2021-03-01 03:37:16Z INFO JobDispatcher] Successfully renew job request 1, job is valid till 3/1/2021 3:47:16 AM
[2021-03-01 03:37:16Z INFO HostContext] Well known directory 'Bin': '/home/mjnk9xw/go/src/TrustKeys/VTP/Test/testlog/actions-runner/bin'
[2021-03-01 03:37:16Z INFO ProcessInvokerWrapper] Starting process:
[2021-03-01 03:37:16Z INFO ProcessInvokerWrapper]   File name: '/home/mjnk9xw/go/src/TrustKeys/VTP/Test/testlog/actions-runner/bin/Runner.Worker'
[2021-03-01 03:37:16Z INFO ProcessInvokerWrapper]   Arguments: 'spawnclient 171 174'
[2021-03-01 03:37:16Z INFO ProcessInvokerWrapper]   Working directory: '/home/mjnk9xw/go/src/TrustKeys/VTP/Test/testlog/actions-runner/bin'
[2021-03-01 03:37:16Z INFO ProcessInvokerWrapper]   Require exit code zero: 'False'
[2021-03-01 03:37:16Z INFO ProcessInvokerWrapper]   Encoding web name:  ; code page: ''
[2021-03-01 03:37:16Z INFO ProcessInvokerWrapper]   Force kill process on cancellation: 'True'
[2021-03-01 03:37:16Z INFO ProcessInvokerWrapper]   Redirected STDIN: 'False'
[2021-03-01 03:37:16Z INFO ProcessInvokerWrapper]   Persist current code page: 'False'
[2021-03-01 03:37:16Z INFO ProcessInvokerWrapper]   Keep redirected STDIN open: 'False'
[2021-03-01 03:37:16Z INFO ProcessInvokerWrapper]   High priority process: 'True'
[2021-03-01 03:37:16Z INFO ProcessInvokerWrapper] Process started with process id 547211, waiting for process exit.
[2021-03-01 03:37:16Z INFO JobDispatcher] Send job request message to worker for job 5264e576-3c6f-51f6-f055-fab409685f20.
[2021-03-01 03:37:16Z INFO JobNotification] Entering JobStarted Notification
[2021-03-01 03:37:16Z INFO JobNotification] Entering StartMonitor
[2021-03-01 03:38:17Z INFO JobDispatcher] Successfully renew job request 1, job is valid till 3/1/2021 3:48:17 AM
[2021-03-01 03:39:04Z INFO ProcessInvokerWrapper] STDOUT/STDERR stream read finished.
[2021-03-01 03:39:04Z INFO ProcessInvokerWrapper] STDOUT/STDERR stream read finished.
[2021-03-01 03:39:04Z INFO ProcessInvokerWrapper] Finished process 547211 with exit code 102, and elapsed time 00:01:48.0276885.
[2021-03-01 03:39:04Z INFO JobDispatcher] Worker finished for job 5264e576-3c6f-51f6-f055-fab409685f20. Code: 102
[2021-03-01 03:39:04Z INFO JobDispatcher] finish job request for job 5264e576-3c6f-51f6-f055-fab409685f20 with result: Failed
[2021-03-01 03:39:04Z INFO Terminal] WRITE LINE: 2021-03-01 03:39:04Z: Job test completed with result: Failed
[2021-03-01 03:39:04Z INFO JobDispatcher] Stop renew job request for job 5264e576-3c6f-51f6-f055-fab409685f20.
[2021-03-01 03:39:04Z INFO JobDispatcher] job renew has been canceled, stop renew job request 1.
[2021-03-01 03:39:04Z INFO JobNotification] Entering JobCompleted Notification
[2021-03-01 03:39:04Z INFO JobNotification] Entering EndMonitor
